*** Using Compiler 'V5.06 update 5 (build 528)', folder: 'D:\keil\ARM\ARMCC\Bin'
Build target 'Chassis'
compiling bsp_referee.c...
compiling stm32f4xx_it.c...
compiling robot_config.c...
compiling ChassisController.c...
..\application\src\ChassisController.c(129): warning:  #223-D: function "limit_pi" declared implicitly
      float AngErr_front = limit_pi(GIMBAL_MOTOR_SIGN *(infantry.yaw_angle  - GIMBAL_FOLLOW_ZERO)) ;
..\application\src\ChassisController.c: 1 warning, 0 errors
compiling bsp_can.c...
compiling main.c...
compiling freertos.c...
compiling GimbalSend.c...
compiling HeatControl.c...
compiling GimbalReceive.c...
compiling Referee.c...
compiling PowerLimit.c...
compiling mecanum.c...
compiling RefereeTask.c...
compiling PowerControlTask.c...
compiling ChassisControlTask.c...
compiling GimbalTask.c...
linking...
Chassis\Chassis.axf: Error: L6218E: Undefined symbol limit_pi (referred from chassiscontroller.o).
Not enough information to list image symbols.
Not enough information to list load addresses in the image map.
Finished: 2 information, 0 warning and 1 error messages.
"Chassis\Chassis.axf" - 1 Error(s), 1 Warning(s).
Target not created.
Build Time Elapsed:  00:00:12
